2022-08-05 10:43:04.490 [ERRO] {e824c861b1520817007b4e32602335ad} exception recovered: 出错了 
Stack:
1.  go-web/internal/cmd.MiddlewareErrorHandler
    D:/dev/go/go-web/internal/cmd/cmd.go:22
2.  github.com/gogf/gf/v2/net/ghttp.(*middleware).Next.func1.1
    C:/Users/lijun/go/pkg/mod/github.com/gogf/gf/v2@v2.0.6/net/ghttp/ghttp_request_middleware.go:54
3.  github.com/gogf/gf/v2/net/ghttp.niceCallFunc
    C:/Users/lijun/go/pkg/mod/github.com/gogf/gf/v2@v2.0.6/net/ghttp/ghttp_func.go:56
4.  github.com/gogf/gf/v2/net/ghttp.(*middleware).Next.func1
    C:/Users/lijun/go/pkg/mod/github.com/gogf/gf/v2@v2.0.6/net/ghttp/ghttp_request_middleware.go:53
5.  github.com/gogf/gf/v2/util/gutil.TryCatch
    C:/Users/lijun/go/pkg/mod/github.com/gogf/gf/v2@v2.0.6/util/gutil/gutil.go:55
6.  github.com/gogf/gf/v2/net/ghttp.(*middleware).Next
    C:/Users/lijun/go/pkg/mod/github.com/gogf/gf/v2@v2.0.6/net/ghttp/ghttp_request_middleware.go:48
7.  go-web/internal/cmd.MiddlewareCORS
    D:/dev/go/go-web/internal/cmd/cmd.go:15
8.  github.com/gogf/gf/v2/net/ghttp.(*middleware).Next.func1.1
    C:/Users/lijun/go/pkg/mod/github.com/gogf/gf/v2@v2.0.6/net/ghttp/ghttp_request_middleware.go:54
9.  github.com/gogf/gf/v2/net/ghttp.niceCallFunc
    C:/Users/lijun/go/pkg/mod/github.com/gogf/gf/v2@v2.0.6/net/ghttp/ghttp_func.go:56
10. github.com/gogf/gf/v2/net/ghttp.(*middleware).Next.func1
    C:/Users/lijun/go/pkg/mod/github.com/gogf/gf/v2@v2.0.6/net/ghttp/ghttp_request_middleware.go:53
11. github.com/gogf/gf/v2/util/gutil.TryCatch
    C:/Users/lijun/go/pkg/mod/github.com/gogf/gf/v2@v2.0.6/util/gutil/gutil.go:55
12. github.com/gogf/gf/v2/net/ghttp.(*middleware).Next
    C:/Users/lijun/go/pkg/mod/github.com/gogf/gf/v2@v2.0.6/net/ghttp/ghttp_request_middleware.go:48
13. github.com/gogf/gf/v2/net/ghttp.MiddlewareHandlerResponse
    C:/Users/lijun/go/pkg/mod/github.com/gogf/gf/v2@v2.0.6/net/ghttp/ghttp_middleware_handler_response.go:26
14. github.com/gogf/gf/v2/net/ghttp.(*middleware).Next.func1.1
    C:/Users/lijun/go/pkg/mod/github.com/gogf/gf/v2@v2.0.6/net/ghttp/ghttp_request_middleware.go:54
15. github.com/gogf/gf/v2/net/ghttp.niceCallFunc
    C:/Users/lijun/go/pkg/mod/github.com/gogf/gf/v2@v2.0.6/net/ghttp/ghttp_func.go:56
16. github.com/gogf/gf/v2/net/ghttp.(*middleware).Next.func1
    C:/Users/lijun/go/pkg/mod/github.com/gogf/gf/v2@v2.0.6/net/ghttp/ghttp_request_middleware.go:53
17. github.com/gogf/gf/v2/util/gutil.TryCatch
    C:/Users/lijun/go/pkg/mod/github.com/gogf/gf/v2@v2.0.6/util/gutil/gutil.go:55
18. github.com/gogf/gf/v2/net/ghttp.(*middleware).Next
    C:/Users/lijun/go/pkg/mod/github.com/gogf/gf/v2@v2.0.6/net/ghttp/ghttp_request_middleware.go:48
19. github.com/gogf/gf/v2/net/ghttp.internalMiddlewareServerTracing
    C:/Users/lijun/go/pkg/mod/github.com/gogf/gf/v2@v2.0.6/net/ghttp/ghttp_middleware_tracing.go:78
20. github.com/gogf/gf/v2/net/ghttp.(*middleware).Next.func1.5
    C:/Users/lijun/go/pkg/mod/github.com/gogf/gf/v2@v2.0.6/net/ghttp/ghttp_request_middleware.go:95
21. github.com/gogf/gf/v2/net/ghttp.niceCallFunc
    C:/Users/lijun/go/pkg/mod/github.com/gogf/gf/v2@v2.0.6/net/ghttp/ghttp_func.go:56
22. github.com/gogf/gf/v2/net/ghttp.(*middleware).Next.func1
    C:/Users/lijun/go/pkg/mod/github.com/gogf/gf/v2@v2.0.6/net/ghttp/ghttp_request_middleware.go:94
23. github.com/gogf/gf/v2/util/gutil.TryCatch
    C:/Users/lijun/go/pkg/mod/github.com/gogf/gf/v2@v2.0.6/util/gutil/gutil.go:55
24. github.com/gogf/gf/v2/net/ghttp.(*middleware).Next
    C:/Users/lijun/go/pkg/mod/github.com/gogf/gf/v2@v2.0.6/net/ghttp/ghttp_request_middleware.go:48
25. github.com/gogf/gf/v2/net/ghttp.(*Server).ServeHTTP
    C:/Users/lijun/go/pkg/mod/github.com/gogf/gf/v2@v2.0.6/net/ghttp/ghttp_server_handler.go:121
 
2022-08-05 10:44:56.507 [ERRO] {d8398076cb520817c2ca550153b1a3f7} exception recovered: 出错了 
Stack:
1.  go-web/internal/cmd.MiddlewareErrorHandler
    D:/dev/go/go-web/internal/cmd/cmd.go:22
2.  github.com/gogf/gf/v2/net/ghttp.(*middleware).Next.func1.1
    C:/Users/lijun/go/pkg/mod/github.com/gogf/gf/v2@v2.0.6/net/ghttp/ghttp_request_middleware.go:54
3.  github.com/gogf/gf/v2/net/ghttp.niceCallFunc
    C:/Users/lijun/go/pkg/mod/github.com/gogf/gf/v2@v2.0.6/net/ghttp/ghttp_func.go:56
4.  github.com/gogf/gf/v2/net/ghttp.(*middleware).Next.func1
    C:/Users/lijun/go/pkg/mod/github.com/gogf/gf/v2@v2.0.6/net/ghttp/ghttp_request_middleware.go:53
5.  github.com/gogf/gf/v2/util/gutil.TryCatch
    C:/Users/lijun/go/pkg/mod/github.com/gogf/gf/v2@v2.0.6/util/gutil/gutil.go:55
6.  github.com/gogf/gf/v2/net/ghttp.(*middleware).Next
    C:/Users/lijun/go/pkg/mod/github.com/gogf/gf/v2@v2.0.6/net/ghttp/ghttp_request_middleware.go:48
7.  go-web/internal/cmd.MiddlewareCORS
    D:/dev/go/go-web/internal/cmd/cmd.go:15
8.  github.com/gogf/gf/v2/net/ghttp.(*middleware).Next.func1.1
    C:/Users/lijun/go/pkg/mod/github.com/gogf/gf/v2@v2.0.6/net/ghttp/ghttp_request_middleware.go:54
9.  github.com/gogf/gf/v2/net/ghttp.niceCallFunc
    C:/Users/lijun/go/pkg/mod/github.com/gogf/gf/v2@v2.0.6/net/ghttp/ghttp_func.go:56
10. github.com/gogf/gf/v2/net/ghttp.(*middleware).Next.func1
    C:/Users/lijun/go/pkg/mod/github.com/gogf/gf/v2@v2.0.6/net/ghttp/ghttp_request_middleware.go:53
11. github.com/gogf/gf/v2/util/gutil.TryCatch
    C:/Users/lijun/go/pkg/mod/github.com/gogf/gf/v2@v2.0.6/util/gutil/gutil.go:55
12. github.com/gogf/gf/v2/net/ghttp.(*middleware).Next
    C:/Users/lijun/go/pkg/mod/github.com/gogf/gf/v2@v2.0.6/net/ghttp/ghttp_request_middleware.go:48
13. github.com/gogf/gf/v2/net/ghttp.MiddlewareHandlerResponse
    C:/Users/lijun/go/pkg/mod/github.com/gogf/gf/v2@v2.0.6/net/ghttp/ghttp_middleware_handler_response.go:26
14. github.com/gogf/gf/v2/net/ghttp.(*middleware).Next.func1.1
    C:/Users/lijun/go/pkg/mod/github.com/gogf/gf/v2@v2.0.6/net/ghttp/ghttp_request_middleware.go:54
15. github.com/gogf/gf/v2/net/ghttp.niceCallFunc
    C:/Users/lijun/go/pkg/mod/github.com/gogf/gf/v2@v2.0.6/net/ghttp/ghttp_func.go:56
16. github.com/gogf/gf/v2/net/ghttp.(*middleware).Next.func1
    C:/Users/lijun/go/pkg/mod/github.com/gogf/gf/v2@v2.0.6/net/ghttp/ghttp_request_middleware.go:53
17. github.com/gogf/gf/v2/util/gutil.TryCatch
    C:/Users/lijun/go/pkg/mod/github.com/gogf/gf/v2@v2.0.6/util/gutil/gutil.go:55
18. github.com/gogf/gf/v2/net/ghttp.(*middleware).Next
    C:/Users/lijun/go/pkg/mod/github.com/gogf/gf/v2@v2.0.6/net/ghttp/ghttp_request_middleware.go:48
19. github.com/gogf/gf/v2/net/ghttp.internalMiddlewareServerTracing
    C:/Users/lijun/go/pkg/mod/github.com/gogf/gf/v2@v2.0.6/net/ghttp/ghttp_middleware_tracing.go:78
20. github.com/gogf/gf/v2/net/ghttp.(*middleware).Next.func1.5
    C:/Users/lijun/go/pkg/mod/github.com/gogf/gf/v2@v2.0.6/net/ghttp/ghttp_request_middleware.go:95
21. github.com/gogf/gf/v2/net/ghttp.niceCallFunc
    C:/Users/lijun/go/pkg/mod/github.com/gogf/gf/v2@v2.0.6/net/ghttp/ghttp_func.go:56
22. github.com/gogf/gf/v2/net/ghttp.(*middleware).Next.func1
    C:/Users/lijun/go/pkg/mod/github.com/gogf/gf/v2@v2.0.6/net/ghttp/ghttp_request_middleware.go:94
23. github.com/gogf/gf/v2/util/gutil.TryCatch
    C:/Users/lijun/go/pkg/mod/github.com/gogf/gf/v2@v2.0.6/util/gutil/gutil.go:55
24. github.com/gogf/gf/v2/net/ghttp.(*middleware).Next
    C:/Users/lijun/go/pkg/mod/github.com/gogf/gf/v2@v2.0.6/net/ghttp/ghttp_request_middleware.go:48
25. github.com/gogf/gf/v2/net/ghttp.(*Server).ServeHTTP
    C:/Users/lijun/go/pkg/mod/github.com/gogf/gf/v2@v2.0.6/net/ghttp/ghttp_server_handler.go:121
 
2022-08-05 10:47:25.513 [ERRO] {a4a3f827ee5208175396486471b51633} exception recovered: 出错了 
Stack:
1.  go-web/internal/cmd.MiddlewareErrorHandler
    D:/dev/go/go-web/internal/cmd/cmd.go:22
2.  github.com/gogf/gf/v2/net/ghttp.(*middleware).Next.func1.1
    C:/Users/lijun/go/pkg/mod/github.com/gogf/gf/v2@v2.0.6/net/ghttp/ghttp_request_middleware.go:54
3.  github.com/gogf/gf/v2/net/ghttp.niceCallFunc
    C:/Users/lijun/go/pkg/mod/github.com/gogf/gf/v2@v2.0.6/net/ghttp/ghttp_func.go:56
4.  github.com/gogf/gf/v2/net/ghttp.(*middleware).Next.func1
    C:/Users/lijun/go/pkg/mod/github.com/gogf/gf/v2@v2.0.6/net/ghttp/ghttp_request_middleware.go:53
5.  github.com/gogf/gf/v2/util/gutil.TryCatch
    C:/Users/lijun/go/pkg/mod/github.com/gogf/gf/v2@v2.0.6/util/gutil/gutil.go:55
6.  github.com/gogf/gf/v2/net/ghttp.(*middleware).Next
    C:/Users/lijun/go/pkg/mod/github.com/gogf/gf/v2@v2.0.6/net/ghttp/ghttp_request_middleware.go:48
7.  go-web/internal/cmd.MiddlewareCORS
    D:/dev/go/go-web/internal/cmd/cmd.go:15
8.  github.com/gogf/gf/v2/net/ghttp.(*middleware).Next.func1.1
    C:/Users/lijun/go/pkg/mod/github.com/gogf/gf/v2@v2.0.6/net/ghttp/ghttp_request_middleware.go:54
9.  github.com/gogf/gf/v2/net/ghttp.niceCallFunc
    C:/Users/lijun/go/pkg/mod/github.com/gogf/gf/v2@v2.0.6/net/ghttp/ghttp_func.go:56
10. github.com/gogf/gf/v2/net/ghttp.(*middleware).Next.func1
    C:/Users/lijun/go/pkg/mod/github.com/gogf/gf/v2@v2.0.6/net/ghttp/ghttp_request_middleware.go:53
11. github.com/gogf/gf/v2/util/gutil.TryCatch
    C:/Users/lijun/go/pkg/mod/github.com/gogf/gf/v2@v2.0.6/util/gutil/gutil.go:55
12. github.com/gogf/gf/v2/net/ghttp.(*middleware).Next
    C:/Users/lijun/go/pkg/mod/github.com/gogf/gf/v2@v2.0.6/net/ghttp/ghttp_request_middleware.go:48
13. github.com/gogf/gf/v2/net/ghttp.MiddlewareHandlerResponse
    C:/Users/lijun/go/pkg/mod/github.com/gogf/gf/v2@v2.0.6/net/ghttp/ghttp_middleware_handler_response.go:26
14. github.com/gogf/gf/v2/net/ghttp.(*middleware).Next.func1.1
    C:/Users/lijun/go/pkg/mod/github.com/gogf/gf/v2@v2.0.6/net/ghttp/ghttp_request_middleware.go:54
15. github.com/gogf/gf/v2/net/ghttp.niceCallFunc
    C:/Users/lijun/go/pkg/mod/github.com/gogf/gf/v2@v2.0.6/net/ghttp/ghttp_func.go:56
16. github.com/gogf/gf/v2/net/ghttp.(*middleware).Next.func1
    C:/Users/lijun/go/pkg/mod/github.com/gogf/gf/v2@v2.0.6/net/ghttp/ghttp_request_middleware.go:53
17. github.com/gogf/gf/v2/util/gutil.TryCatch
    C:/Users/lijun/go/pkg/mod/github.com/gogf/gf/v2@v2.0.6/util/gutil/gutil.go:55
18. github.com/gogf/gf/v2/net/ghttp.(*middleware).Next
    C:/Users/lijun/go/pkg/mod/github.com/gogf/gf/v2@v2.0.6/net/ghttp/ghttp_request_middleware.go:48
19. github.com/gogf/gf/v2/net/ghttp.internalMiddlewareServerTracing
    C:/Users/lijun/go/pkg/mod/github.com/gogf/gf/v2@v2.0.6/net/ghttp/ghttp_middleware_tracing.go:78
20. github.com/gogf/gf/v2/net/ghttp.(*middleware).Next.func1.5
    C:/Users/lijun/go/pkg/mod/github.com/gogf/gf/v2@v2.0.6/net/ghttp/ghttp_request_middleware.go:95
21. github.com/gogf/gf/v2/net/ghttp.niceCallFunc
    C:/Users/lijun/go/pkg/mod/github.com/gogf/gf/v2@v2.0.6/net/ghttp/ghttp_func.go:56
22. github.com/gogf/gf/v2/net/ghttp.(*middleware).Next.func1
    C:/Users/lijun/go/pkg/mod/github.com/gogf/gf/v2@v2.0.6/net/ghttp/ghttp_request_middleware.go:94
23. github.com/gogf/gf/v2/util/gutil.TryCatch
    C:/Users/lijun/go/pkg/mod/github.com/gogf/gf/v2@v2.0.6/util/gutil/gutil.go:55
24. github.com/gogf/gf/v2/net/ghttp.(*middleware).Next
    C:/Users/lijun/go/pkg/mod/github.com/gogf/gf/v2@v2.0.6/net/ghttp/ghttp_request_middleware.go:48
25. github.com/gogf/gf/v2/net/ghttp.(*Server).ServeHTTP
    C:/Users/lijun/go/pkg/mod/github.com/gogf/gf/v2@v2.0.6/net/ghttp/ghttp_server_handler.go:121
 
2022-08-05 10:53:44.405 [ERRO] {2040b95f465308177e894f4ffcb451f3} exception recovered: 出错了 
Stack:
1.  go-web/internal/cmd.MiddlewareResponseHandler
    D:/dev/go/go-web/internal/cmd/cmd.go:22
2.  github.com/gogf/gf/v2/net/ghttp.(*middleware).Next.func1.1
    C:/Users/lijun/go/pkg/mod/github.com/gogf/gf/v2@v2.0.6/net/ghttp/ghttp_request_middleware.go:54
3.  github.com/gogf/gf/v2/net/ghttp.niceCallFunc
    C:/Users/lijun/go/pkg/mod/github.com/gogf/gf/v2@v2.0.6/net/ghttp/ghttp_func.go:56
4.  github.com/gogf/gf/v2/net/ghttp.(*middleware).Next.func1
    C:/Users/lijun/go/pkg/mod/github.com/gogf/gf/v2@v2.0.6/net/ghttp/ghttp_request_middleware.go:53
5.  github.com/gogf/gf/v2/util/gutil.TryCatch
    C:/Users/lijun/go/pkg/mod/github.com/gogf/gf/v2@v2.0.6/util/gutil/gutil.go:55
6.  github.com/gogf/gf/v2/net/ghttp.(*middleware).Next
    C:/Users/lijun/go/pkg/mod/github.com/gogf/gf/v2@v2.0.6/net/ghttp/ghttp_request_middleware.go:48
7.  go-web/internal/cmd.MiddlewareCORS
    D:/dev/go/go-web/internal/cmd/cmd.go:15
8.  github.com/gogf/gf/v2/net/ghttp.(*middleware).Next.func1.1
    C:/Users/lijun/go/pkg/mod/github.com/gogf/gf/v2@v2.0.6/net/ghttp/ghttp_request_middleware.go:54
9.  github.com/gogf/gf/v2/net/ghttp.niceCallFunc
    C:/Users/lijun/go/pkg/mod/github.com/gogf/gf/v2@v2.0.6/net/ghttp/ghttp_func.go:56
10. github.com/gogf/gf/v2/net/ghttp.(*middleware).Next.func1
    C:/Users/lijun/go/pkg/mod/github.com/gogf/gf/v2@v2.0.6/net/ghttp/ghttp_request_middleware.go:53
11. github.com/gogf/gf/v2/util/gutil.TryCatch
    C:/Users/lijun/go/pkg/mod/github.com/gogf/gf/v2@v2.0.6/util/gutil/gutil.go:55
12. github.com/gogf/gf/v2/net/ghttp.(*middleware).Next
    C:/Users/lijun/go/pkg/mod/github.com/gogf/gf/v2@v2.0.6/net/ghttp/ghttp_request_middleware.go:48
13. github.com/gogf/gf/v2/net/ghttp.internalMiddlewareServerTracing
    C:/Users/lijun/go/pkg/mod/github.com/gogf/gf/v2@v2.0.6/net/ghttp/ghttp_middleware_tracing.go:78
14. github.com/gogf/gf/v2/net/ghttp.(*middleware).Next.func1.5
    C:/Users/lijun/go/pkg/mod/github.com/gogf/gf/v2@v2.0.6/net/ghttp/ghttp_request_middleware.go:95
15. github.com/gogf/gf/v2/net/ghttp.niceCallFunc
    C:/Users/lijun/go/pkg/mod/github.com/gogf/gf/v2@v2.0.6/net/ghttp/ghttp_func.go:56
16. github.com/gogf/gf/v2/net/ghttp.(*middleware).Next.func1
    C:/Users/lijun/go/pkg/mod/github.com/gogf/gf/v2@v2.0.6/net/ghttp/ghttp_request_middleware.go:94
17. github.com/gogf/gf/v2/util/gutil.TryCatch
    C:/Users/lijun/go/pkg/mod/github.com/gogf/gf/v2@v2.0.6/util/gutil/gutil.go:55
18. github.com/gogf/gf/v2/net/ghttp.(*middleware).Next
    C:/Users/lijun/go/pkg/mod/github.com/gogf/gf/v2@v2.0.6/net/ghttp/ghttp_request_middleware.go:48
19. github.com/gogf/gf/v2/net/ghttp.(*Server).ServeHTTP
    C:/Users/lijun/go/pkg/mod/github.com/gogf/gf/v2@v2.0.6/net/ghttp/ghttp_server_handler.go:121
 
